<?xml version="1.0" encoding="UTF-8"?>
<!-- Generated by org.testng.reporters.JUnitReportReporter -->
<testsuite hostname="LAPTOP-MCT1TB6C" failures="0" tests="1" name="task.DragandDrop" time="4.792" errors="0" timestamp="2024-01-09T19:42:05 IST" skipped="0">
  <testcase classname="task.DragandDrop" name="draganddrop" time="4.792"/>
  <system-out/>
</testsuite> <!-- task.DragandDrop -->
